Java HotSpot(TM) 64-Bit Server VM (25.60-b23) for windows-amd64 JRE (1.8.0_60-b27), built on Aug  4 2015 11:06:27 by "java_re" with MS VC++ 10.0 (VS2010)
Memory: 4k page, physical 8338568k(3284436k free), swap 16675284k(11063984k free)
CommandLine flags: -XX:InitialHeapSize=133417088 -XX:MaxHeapSize=2134673408 -XX:+PrintGC -XX:+PrintGCTimeStamps -XX:+UseCompressedClassPointers -XX:+UseCompressedOops -XX:+UseG1GC -XX:-UseLargePagesIndividualAllocation 
0.258: [GC pause (G1 Evacuation Pause) (young) 9216K->2058K(128M), 0.0020303 secs]
19.201: [GC pause (G1 Evacuation Pause) (young) 22M->2927K(128M), 0.0075891 secs]
20.300: [GC pause (G1 Evacuation Pause) (young) 75M->2996K(128M), 0.0060285 secs]
20.677: [GC pause (G1 Evacuation Pause) (young) 75M->3036K(128M), 0.0067684 secs]
21.046: [GC pause (G1 Evacuation Pause) (young) 75M->3041K(128M), 0.0022623 secs]
21.396: [GC pause (G1 Evacuation Pause) (young) 75M->2798K(128M), 0.0025146 secs]
21.609: [GC pause (G1 Evacuation Pause) (young) 75M->3327K(128M), 0.0031096 secs]
21.694: [GC pause (G1 Evacuation Pause) (young) 75M->3328K(128M), 0.0024990 secs]
21.780: [GC pause (G1 Evacuation Pause) (young) 75M->2799K(128M), 0.0032281 secs]
21.859: [GC pause (G1 Evacuation Pause) (young) 75M->3573K(128M), 0.0027164 secs]
21.940: [GC pause (G1 Evacuation Pause) (young) 75M->2670K(128M), 0.0021669 secs]
22.013: [GC pause (G1 Evacuation Pause) (young) 75M->3530K(128M), 0.0022505 secs]
22.089: [GC pause (G1 Evacuation Pause) (young) 75M->3021K(128M), 0.0028346 secs]
22.170: [GC pause (G1 Evacuation Pause) (young) 75M->3328K(128M), 0.0021675 secs]
22.238: [GC pause (G1 Evacuation Pause) (young) 75M->3046K(128M), 0.0021690 secs]
22.309: [GC pause (G1 Evacuation Pause) (young) 75M->3434K(128M), 0.0021656 secs]
22.383: [GC pause (G1 Evacuation Pause) (young) 77M->2885K(128M), 0.0017321 secs]
22.454: [GC pause (G1 Evacuation Pause) (young) 77M->3025K(128M), 0.0010360 secs]
22.526: [GC pause (G1 Evacuation Pause) (young) 77M->3070K(128M), 0.0010024 secs]
22.599: [GC pause (G1 Evacuation Pause) (young) 77M->3082K(128M), 0.0010668 secs]
22.674: [GC pause (G1 Evacuation Pause) (young) 78M->3086K(128M), 0.0008926 secs]
22.742: [GC pause (G1 Evacuation Pause) (young) 78M->3077K(128M), 0.0010525 secs]
22.816: [GC pause (G1 Evacuation Pause) (young) 78M->3088K(128M), 0.0009047 secs]
22.890: [GC pause (G1 Evacuation Pause) (young) 78M->3096K(128M), 0.0009579 secs]
22.961: [GC pause (G1 Evacuation Pause) (young) 78M->3095K(128M), 0.0009523 secs]
23.032: [GC pause (G1 Evacuation Pause) (young) 78M->3105K(128M), 0.0009651 secs]
23.107: [GC pause (G1 Evacuation Pause) (young) 78M->3102K(128M), 0.0009107 secs]
23.179: [GC pause (G1 Evacuation Pause) (young) 78M->3100K(128M), 0.0011393 secs]
23.248: [GC pause (G1 Evacuation Pause) (young) 78M->3093K(128M), 0.0009430 secs]
23.321: [GC pause (G1 Evacuation Pause) (young) 78M->3081K(128M), 0.0010093 secs]
23.392: [GC pause (G1 Evacuation Pause) (young) 78M->3090K(128M), 0.0009250 secs]
23.464: [GC pause (G1 Evacuation Pause) (young) 78M->3094K(128M), 0.0008867 secs]
23.535: [GC pause (G1 Evacuation Pause) (young) 78M->3108K(128M), 0.0090239 secs]
23.615: [GC pause (G1 Evacuation Pause) (young) 78M->3097K(128M), 0.0008926 secs]
23.687: [GC pause (G1 Evacuation Pause) (young) 78M->3084K(128M), 0.0009038 secs]
23.759: [GC pause (G1 Evacuation Pause) (young) 78M->3072K(128M), 0.0024219 secs]
23.848: [GC pause (G1 Evacuation Pause) (young) 78M->3099K(128M), 0.0014985 secs]
23.927: [GC pause (G1 Evacuation Pause) (young) 78M->3085K(128M), 0.0008836 secs]
24.008: [GC pause (G1 Evacuation Pause) (young) 78M->3085K(128M), 0.0009897 secs]
24.082: [GC pause (G1 Evacuation Pause) (young) 78M->3081K(128M), 0.0009421 secs]
24.157: [GC pause (G1 Evacuation Pause) (young) 78M->3091K(128M), 0.0010037 secs]
24.229: [GC pause (G1 Evacuation Pause) (young) 78M->3096K(128M), 0.0008749 secs]
24.305: [GC pause (G1 Evacuation Pause) (young) 78M->3084K(128M), 0.0008852 secs]
24.376: [GC pause (G1 Evacuation Pause) (young) 78M->3086K(128M), 0.0008985 secs]
24.447: [GC pause (G1 Evacuation Pause) (young) 78M->3085K(128M), 0.0009047 secs]
24.519: [GC pause (G1 Evacuation Pause) (young) 78M->3080K(128M), 0.0008684 secs]
24.590: [GC pause (G1 Evacuation Pause) (young) 78M->3082K(128M), 0.0019355 secs]
24.660: [GC pause (G1 Evacuation Pause) (young) 78M->3101K(128M), 0.0009010 secs]
24.732: [GC pause (G1 Evacuation Pause) (young) 78M->3091K(128M), 0.0009125 secs]
24.803: [GC pause (G1 Evacuation Pause) (young) 78M->3083K(128M), 0.0010077 secs]
24.875: [GC pause (G1 Evacuation Pause) (young) 78M->3093K(128M), 0.0010077 secs]
24.950: [GC pause (G1 Evacuation Pause) (young) 78M->3098K(128M), 0.0009937 secs]
25.022: [GC pause (G1 Evacuation Pause) (young) 78M->3086K(128M), 0.0008886 secs]
25.092: [GC pause (G1 Evacuation Pause) (young) 78M->3088K(128M), 0.0008852 secs]
25.163: [GC pause (G1 Evacuation Pause) (young) 78M->3097K(128M), 0.0010379 secs]
25.236: [GC pause (G1 Evacuation Pause) (young) 78M->3096K(128M), 0.0010603 secs]
25.306: [GC pause (G1 Evacuation Pause) (young) 78M->3084K(128M), 0.0008752 secs]
25.384: [GC pause (G1 Evacuation Pause) (young) 78M->3094K(128M), 0.0012133 secs]
25.466: [GC pause (G1 Evacuation Pause) (young) 78M->3096K(128M), 0.0009212 secs]
25.542: [GC pause (G1 Evacuation Pause) (young) 78M->3094K(128M), 0.0008988 secs]
25.614: [GC pause (G1 Evacuation Pause) (young) 78M->3094K(128M), 0.0008820 secs]
25.692: [GC pause (G1 Evacuation Pause) (young) 78M->3103K(128M), 0.0017974 secs]
25.764: [GC pause (G1 Evacuation Pause) (young) 78M->3094K(128M), 0.0009732 secs]
25.837: [GC pause (G1 Evacuation Pause) (young) 78M->3111K(128M), 0.0010040 secs]
25.914: [GC pause (G1 Evacuation Pause) (young) 78M->3093K(128M), 0.0012640 secs]
25.986: [GC pause (G1 Evacuation Pause) (young) 78M->3085K(128M), 0.0008911 secs]
26.055: [GC pause (G1 Evacuation Pause) (young) 78M->3089K(128M), 0.0009324 secs]
26.127: [GC pause (G1 Evacuation Pause) (young) 78M->3093K(128M), 0.0008992 secs]
26.196: [GC pause (G1 Evacuation Pause) (young) 78M->3080K(128M), 0.0009131 secs]
26.268: [GC pause (G1 Evacuation Pause) (young) 78M->3093K(128M), 0.0009990 secs]
26.342: [GC pause (G1 Evacuation Pause) (young) 78M->3095K(128M), 0.0010121 secs]
26.417: [GC pause (G1 Evacuation Pause) (young) 78M->3089K(128M), 0.0008768 secs]
26.493: [GC pause (G1 Evacuation Pause) (young) 78M->3083K(128M), 0.0832650 secs]
26.657: [GC pause (G1 Evacuation Pause) (young) 78M->3103K(256M), 0.0039400 secs]
26.883: [GC pause (G1 Evacuation Pause) (young) 155M->3064K(512M), 0.0277558 secs]
27.353: [GC pause (G1 Evacuation Pause) (young) 308M->3080K(817M), 0.0060819 secs]
27.905: [GC pause (G1 Evacuation Pause) (young) 492M->3092K(817M), 0.0017134 secs]
28.387: [GC pause (G1 Evacuation Pause) (young) 492M->3097K(817M), 0.0011993 secs]
28.854: [GC pause (G1 Evacuation Pause) (young) 492M->3091K(817M), 0.0012158 secs]
29.326: [GC pause (G1 Evacuation Pause) (young) 492M->3091K(817M), 0.0012055 secs]
29.797: [GC pause (G1 Evacuation Pause) (young) 492M->3085K(817M), 0.0012123 secs]
30.270: [GC pause (G1 Evacuation Pause) (young) 492M->3079K(817M), 0.0013035 secs]
30.737: [GC pause (G1 Evacuation Pause) (young) 492M->3104K(817M), 0.0011828 secs]
31.199: [GC pause (G1 Evacuation Pause) (young) 492M->3087K(817M), 0.0013172 secs]
31.678: [GC pause (G1 Evacuation Pause) (young) 492M->3071K(817M), 0.0022536 secs]
32.348: [GC pause (G1 Evacuation Pause) (young) 491M->3067K(817M), 0.0017209 secs]
32.845: [GC pause (G1 Evacuation Pause) (young) 491M->3075K(817M), 0.0012615 secs]
33.352: [GC pause (G1 Evacuation Pause) (young) 492M->3101K(817M), 0.0012537 secs]
33.837: [GC pause (G1 Evacuation Pause) (young) 492M->3081K(817M), 0.0013448 secs]
34.320: [GC pause (G1 Evacuation Pause) (young) 492M->3082K(817M), 0.0012730 secs]
34.811: [GC pause (G1 Evacuation Pause) (young) 492M->3091K(817M), 0.0012307 secs]
35.298: [GC pause (G1 Evacuation Pause) (young) 492M->3097K(817M), 0.0012512 secs]
35.787: [GC pause (G1 Evacuation Pause) (young) 492M->3092K(817M), 0.0012932 secs]
36.242: [GC pause (G1 Evacuation Pause) (young) 492M->3093K(817M), 0.0012335 secs]
36.705: [GC pause (G1 Evacuation Pause) (young) 492M->3080K(817M), 0.0011837 secs]
37.163: [GC pause (G1 Evacuation Pause) (young) 492M->3099K(817M), 0.0012587 secs]
37.621: [GC pause (G1 Evacuation Pause) (young) 492M->3078K(817M), 0.0012447 secs]
38.078: [GC pause (G1 Evacuation Pause) (young) 492M->3083K(817M), 0.0012158 secs]
38.537: [GC pause (G1 Evacuation Pause) (young) 492M->3080K(817M), 0.0012848 secs]
39.011: [GC pause (G1 Evacuation Pause) (young) 492M->3066K(817M), 0.0011937 secs]
39.467: [GC pause (G1 Evacuation Pause) (young) 491M->3091K(817M), 0.0013066 secs]
39.924: [GC pause (G1 Evacuation Pause) (young) 492M->3092K(817M), 0.0013103 secs]
40.383: [GC pause (G1 Evacuation Pause) (young) 492M->3087K(817M), 0.0012525 secs]
40.840: [GC pause (G1 Evacuation Pause) (young) 492M->3090K(817M), 0.0013632 secs]
41.302: [GC pause (G1 Evacuation Pause) (young) 492M->3097K(817M), 0.0014515 secs]
41.755: [GC pause (G1 Evacuation Pause) (young) 492M->3088K(817M), 0.0013016 secs]
42.212: [GC pause (G1 Evacuation Pause) (young) 492M->3099K(817M), 0.0012282 secs]
42.674: [GC pause (G1 Evacuation Pause) (young) 492M->3095K(817M), 0.0012099 secs]
43.123: [GC pause (G1 Evacuation Pause) (young) 492M->3097K(817M), 0.0032106 secs]
43.584: [GC pause (G1 Evacuation Pause) (young) 492M->3102K(817M), 0.0012385 secs]
44.037: [GC pause (G1 Evacuation Pause) (young) 492M->3093K(817M), 0.0013607 secs]
44.495: [GC pause (G1 Evacuation Pause) (young) 492M->3087K(817M), 0.0012027 secs]
44.949: [GC pause (G1 Evacuation Pause) (young) 492M->3096K(817M), 0.0011915 secs]
45.409: [GC pause (G1 Evacuation Pause) (young) 492M->3104K(817M), 0.0012534 secs]
45.862: [GC pause (G1 Evacuation Pause) (young) 492M->3087K(817M), 0.0012375 secs]
46.329: [GC pause (G1 Evacuation Pause) (young) 492M->3089K(817M), 0.0013483 secs]
46.787: [GC pause (G1 Evacuation Pause) (young) 492M->3096K(817M), 0.0016621 secs]
47.240: [GC pause (G1 Evacuation Pause) (young) 492M->3090K(817M), 0.0012105 secs]
47.696: [GC pause (G1 Evacuation Pause) (young) 492M->3086K(817M), 0.0012397 secs]
48.149: [GC pause (G1 Evacuation Pause) (young) 492M->3100K(817M), 0.0012288 secs]
48.600: [GC pause (G1 Evacuation Pause) (young) 492M->3105K(817M), 0.0012052 secs]
49.054: [GC pause (G1 Evacuation Pause) (young) 492M->3082K(817M), 0.0012018 secs]
49.508: [GC pause (G1 Evacuation Pause) (young) 492M->3096K(817M), 0.0012024 secs]
49.957: [GC pause (G1 Evacuation Pause) (young) 492M->3088K(817M), 0.0012453 secs]
50.416: [GC pause (G1 Evacuation Pause) (young) 492M->3095K(817M), 0.0013081 secs]
50.871: [GC pause (G1 Evacuation Pause) (young) 492M->3087K(817M), 0.0013791 secs]
51.331: [GC pause (G1 Evacuation Pause) (young) 492M->3083K(817M), 0.0011809 secs]
51.784: [GC pause (G1 Evacuation Pause) (young) 492M->3071K(817M), 0.0013215 secs]
52.247: [GC pause (G1 Evacuation Pause) (young) 491M->3087K(817M), 0.0014077 secs]
52.701: [GC pause (G1 Evacuation Pause) (young) 492M->3069K(817M), 0.0011974 secs]
53.157: [GC pause (G1 Evacuation Pause) (young) 491M->3077K(817M), 0.0012369 secs]
53.606: [GC pause (G1 Evacuation Pause) (young) 492M->3083K(817M), 0.0012270 secs]
54.071: [GC pause (G1 Evacuation Pause) (young) 492M->3108K(817M), 0.0013004 secs]
54.529: [GC pause (G1 Evacuation Pause) (young) 492M->3104K(817M), 0.0031043 secs]
54.996: [GC pause (G1 Evacuation Pause) (young) 492M->3087K(817M), 0.0012173 secs]
55.460: [GC pause (G1 Evacuation Pause) (young) 492M->3094K(817M), 0.0012490 secs]
55.929: [GC pause (G1 Evacuation Pause) (young) 492M->3096K(817M), 0.0012052 secs]
56.384: [GC pause (G1 Evacuation Pause) (young) 492M->3076K(817M), 0.0012671 secs]
56.847: [GC pause (G1 Evacuation Pause) (young) 492M->3098K(817M), 0.0013386 secs]
57.303: [GC pause (G1 Evacuation Pause) (young) 492M->3084K(817M), 0.0012276 secs]
57.756: [GC pause (G1 Evacuation Pause) (young) 492M->3084K(817M), 0.0012714 secs]
58.220: [GC pause (G1 Evacuation Pause) (young) 492M->3088K(817M), 0.0015013 secs]
58.699: [GC pause (G1 Evacuation Pause) (young) 492M->3083K(817M), 0.0013436 secs]
59.181: [GC pause (G1 Evacuation Pause) (young) 492M->3109K(817M), 0.0015604 secs]
59.654: [GC pause (G1 Evacuation Pause) (young) 492M->3098K(817M), 0.0012789 secs]
60.142: [GC pause (G1 Evacuation Pause) (young) 492M->3105K(817M), 0.0012207 secs]
60.601: [GC pause (G1 Evacuation Pause) (young) 492M->3098K(817M), 0.0011977 secs]
61.062: [GC pause (G1 Evacuation Pause) (young) 492M->3096K(817M), 0.0012332 secs]
61.512: [GC pause (G1 Evacuation Pause) (young) 492M->3096K(817M), 0.0012497 secs]
61.973: [GC pause (G1 Evacuation Pause) (young) 492M->3090K(817M), 0.0013085 secs]
62.431: [GC pause (G1 Evacuation Pause) (young) 492M->3085K(817M), 0.0012276 secs]
62.893: [GC pause (G1 Evacuation Pause) (young) 492M->3081K(817M), 0.0012428 secs]
63.385: [GC pause (G1 Evacuation Pause) (young) 492M->3082K(817M), 0.0014730 secs]
63.854: [GC pause (G1 Evacuation Pause) (young) 492M->3104K(817M), 0.0013137 secs]
64.328: [GC pause (G1 Evacuation Pause) (young) 492M->3089K(817M), 0.0013803 secs]
64.796: [GC pause (G1 Evacuation Pause) (young) 492M->3091K(817M), 0.0012571 secs]
65.257: [GC pause (G1 Evacuation Pause) (young) 492M->3096K(817M), 0.0012447 secs]
65.721: [GC pause (G1 Evacuation Pause) (young) 492M->3092K(817M), 0.0012923 secs]
66.188: [GC pause (G1 Evacuation Pause) (young) 492M->3097K(817M), 0.0017137 secs]
66.678: [GC pause (G1 Evacuation Pause) (young) 492M->3084K(817M), 0.0011984 secs]
67.132: [GC pause (G1 Evacuation Pause) (young) 492M->3089K(817M), 0.0012882 secs]
67.581: [GC pause (G1 Evacuation Pause) (young) 492M->3101K(817M), 0.0014916 secs]
68.037: [GC pause (G1 Evacuation Pause) (young) 492M->3082K(817M), 0.0013623 secs]
68.492: [GC pause (G1 Evacuation Pause) (young) 492M->3092K(817M), 0.0013094 secs]
68.945: [GC pause (G1 Evacuation Pause) (young) 492M->3078K(817M), 0.0012291 secs]
69.394: [GC pause (G1 Evacuation Pause) (young) 492M->3094K(817M), 0.0012145 secs]
69.840: [GC pause (G1 Evacuation Pause) (young) 492M->3094K(817M), 0.0012316 secs]
70.300: [GC pause (G1 Evacuation Pause) (young) 492M->3096K(817M), 0.0012173 secs]
70.761: [GC pause (G1 Evacuation Pause) (young) 492M->3098K(817M), 0.0012475 secs]
71.219: [GC pause (G1 Evacuation Pause) (young) 492M->3092K(817M), 0.0015168 secs]
71.676: [GC pause (G1 Evacuation Pause) (young) 492M->3087K(817M), 0.0014668 secs]
72.125: [GC pause (G1 Evacuation Pause) (young) 492M->3083K(817M), 0.0012665 secs]
72.577: [GC pause (G1 Evacuation Pause) (young) 492M->3090K(817M), 0.0011931 secs]
73.034: [GC pause (G1 Evacuation Pause) (young) 492M->3094K(817M), 0.0013800 secs]
73.490: [GC pause (G1 Evacuation Pause) (young) 492M->3095K(817M), 0.0012267 secs]
73.942: [GC pause (G1 Evacuation Pause) (young) 492M->3092K(817M), 0.0013918 secs]
74.395: [GC pause (G1 Evacuation Pause) (young) 492M->3091K(817M), 0.0012077 secs]
74.843: [GC pause (G1 Evacuation Pause) (young) 492M->3077K(817M), 0.0012133 secs]
75.295: [GC pause (G1 Evacuation Pause) (young) 492M->3101K(817M), 0.0012910 secs]
75.744: [GC pause (G1 Evacuation Pause) (young) 492M->3091K(817M), 0.0012938 secs]
76.196: [GC pause (G1 Evacuation Pause) (young) 492M->3099K(817M), 0.0012397 secs]
76.660: [GC pause (G1 Evacuation Pause) (young) 492M->3097K(817M), 0.0013184 secs]
77.132: [GC pause (G1 Evacuation Pause) (young) 492M->3087K(817M), 0.0014901 secs]
77.604: [GC pause (G1 Evacuation Pause) (young) 492M->3093K(817M), 0.0012239 secs]
78.069: [GC pause (G1 Evacuation Pause) (young) 492M->3086K(817M), 0.0013775 secs]
78.530: [GC pause (G1 Evacuation Pause) (young) 492M->3100K(817M), 0.0011949 secs]
79.011: [GC pause (G1 Evacuation Pause) (young) 492M->3108K(817M), 0.0014630 secs]
79.474: [GC pause (G1 Evacuation Pause) (young) 492M->3087K(817M), 0.0011921 secs]
79.946: [GC pause (G1 Evacuation Pause) (young) 492M->3098K(817M), 0.0013168 secs]
80.410: [GC pause (G1 Evacuation Pause) (young) 492M->3083K(817M), 0.0015013 secs]
80.878: [GC pause (G1 Evacuation Pause) (young) 492M->3082K(817M), 0.0012761 secs]
81.336: [GC pause (G1 Evacuation Pause) (young) 492M->3088K(817M), 0.0012161 secs]
81.798: [GC pause (G1 Evacuation Pause) (young) 492M->3094K(817M), 0.0013200 secs]
82.259: [GC pause (G1 Evacuation Pause) (young) 492M->3076K(817M), 0.0012176 secs]
82.716: [GC pause (G1 Evacuation Pause) (young) 492M->3099K(817M), 0.0012798 secs]
83.174: [GC pause (G1 Evacuation Pause) (young) 492M->3092K(817M), 0.0015330 secs]
83.625: [GC pause (G1 Evacuation Pause) (young) 492M->3105K(817M), 0.0013803 secs]
84.084: [GC pause (G1 Evacuation Pause) (young) 492M->3083K(817M), 0.0011934 secs]
84.532: [GC pause (G1 Evacuation Pause) (young) 492M->3078K(817M), 0.0013638 secs]
84.983: [GC pause (G1 Evacuation Pause) (young) 492M->3102K(817M), 0.0012450 secs]
85.437: [GC pause (G1 Evacuation Pause) (young) 492M->3101K(817M), 0.0013613 secs]
85.888: [GC pause (G1 Evacuation Pause) (young) 492M->3099K(817M), 0.0012920 secs]
86.345: [GC pause (G1 Evacuation Pause) (young) 492M->3069K(817M), 0.0013336 secs]
86.795: [GC pause (G1 Evacuation Pause) (young) 491M->3085K(817M), 0.0012151 secs]
87.243: [GC pause (G1 Evacuation Pause) (young) 492M->3083K(817M), 0.0012742 secs]
87.700: [GC pause (G1 Evacuation Pause) (young) 492M->3092K(817M), 0.0011859 secs]
88.152: [GC pause (G1 Evacuation Pause) (young) 492M->3083K(817M), 0.0012351 secs]
88.606: [GC pause (G1 Evacuation Pause) (young) 492M->3096K(817M), 0.0013473 secs]
89.067: [GC pause (G1 Evacuation Pause) (young) 492M->3083K(817M), 0.0011959 secs]
89.514: [GC pause (G1 Evacuation Pause) (young) 492M->3078K(817M), 0.0012714 secs]
89.969: [GC pause (G1 Evacuation Pause) (young) 492M->3075K(817M), 0.0012506 secs]
90.425: [GC pause (G1 Evacuation Pause) (young) 492M->3092K(817M), 0.0013190 secs]
90.880: [GC pause (G1 Evacuation Pause) (young) 492M->3083K(817M), 0.0011918 secs]
91.334: [GC pause (G1 Evacuation Pause) (young) 492M->3094K(817M), 0.0012111 secs]
91.792: [GC pause (G1 Evacuation Pause) (young) 492M->3104K(817M), 0.0012030 secs]
92.241: [GC pause (G1 Evacuation Pause) (young) 492M->3088K(817M), 0.0012005 secs]
92.692: [GC pause (G1 Evacuation Pause) (young) 492M->3080K(817M), 0.0014425 secs]
93.146: [GC pause (G1 Evacuation Pause) (young) 492M->3083K(817M), 0.0012239 secs]
93.606: [GC pause (G1 Evacuation Pause) (young) 492M->3097K(817M), 0.0011564 secs]
94.062: [GC pause (G1 Evacuation Pause) (young) 492M->3095K(817M), 0.0012288 secs]
94.515: [GC pause (G1 Evacuation Pause) (young) 492M->3086K(817M), 0.0013041 secs]
94.970: [GC pause (G1 Evacuation Pause) (young) 492M->3080K(817M), 0.0012951 secs]
95.419: [GC pause (G1 Evacuation Pause) (young) 492M->3081K(817M), 0.0012702 secs]
95.873: [GC pause (G1 Evacuation Pause) (young) 492M->3074K(817M), 0.0012133 secs]
96.336: [GC pause (G1 Evacuation Pause) (young) 492M->3077K(817M), 0.0012378 secs]
96.793: [GC pause (G1 Evacuation Pause) (young) 492M->3090K(817M), 0.0012021 secs]
97.248: [GC pause (G1 Evacuation Pause) (young) 492M->3087K(817M), 0.0015137 secs]
97.703: [GC pause (G1 Evacuation Pause) (young) 492M->3089K(817M), 0.0012814 secs]
98.156: [GC pause (G1 Evacuation Pause) (young) 492M->3102K(817M), 0.0012730 secs]
98.603: [GC pause (G1 Evacuation Pause) (young) 492M->3092K(817M), 0.0011956 secs]
99.056: [GC pause (G1 Evacuation Pause) (young) 492M->3085K(817M), 0.0012335 secs]
99.511: [GC pause (G1 Evacuation Pause) (young) 492M->3095K(817M), 0.0012270 secs]
99.965: [GC pause (G1 Evacuation Pause) (young) 492M->3096K(817M), 0.0013346 secs]
100.422: [GC pause (G1 Evacuation Pause) (young) 492M->3086K(817M), 0.0012064 secs]
100.879: [GC pause (G1 Evacuation Pause) (young) 492M->3090K(817M), 0.0013119 secs]
101.334: [GC pause (G1 Evacuation Pause) (young) 492M->3089K(817M), 0.0012854 secs]
101.785: [GC pause (G1 Evacuation Pause) (young) 492M->3095K(817M), 0.0012406 secs]
102.244: [GC pause (G1 Evacuation Pause) (young) 492M->3093K(817M), 0.0012954 secs]
102.696: [GC pause (G1 Evacuation Pause) (young) 492M->3073K(817M), 0.0013442 secs]
103.152: [GC pause (G1 Evacuation Pause) (young) 492M->3081K(817M), 0.0012599 secs]
103.607: [GC pause (G1 Evacuation Pause) (young) 492M->3097K(817M), 0.0012039 secs]
104.062: [GC pause (G1 Evacuation Pause) (young) 492M->3086K(817M), 0.0013871 secs]
104.527: [GC pause (G1 Evacuation Pause) (young) 492M->3094K(817M), 0.0012232 secs]
104.983: [GC pause (G1 Evacuation Pause) (young) 492M->3100K(817M), 0.0012151 secs]
105.465: [GC pause (G1 Evacuation Pause) (young) 492M->3108K(817M), 0.0016372 secs]
105.949: [GC pause (G1 Evacuation Pause) (young) 492M->3089K(817M), 0.0013389 secs]
106.416: [GC pause (G1 Evacuation Pause) (young) 492M->3087K(817M), 0.0012646 secs]
106.871: [GC pause (G1 Evacuation Pause) (young) 492M->3084K(817M), 0.0012795 secs]
107.330: [GC pause (G1 Evacuation Pause) (young) 492M->3090K(817M), 0.0012276 secs]
107.794: [GC pause (G1 Evacuation Pause) (young) 492M->3085K(817M), 0.0012599 secs]
108.263: [GC pause (G1 Evacuation Pause) (young) 492M->3084K(817M), 0.0012108 secs]
108.727: [GC pause (G1 Evacuation Pause) (young) 492M->3084K(817M), 0.0013433 secs]
109.185: [GC pause (G1 Evacuation Pause) (young) 492M->3075K(817M), 0.0012752 secs]
109.641: [GC pause (G1 Evacuation Pause) (young) 492M->3097K(817M), 0.0012151 secs]
110.103: [GC pause (G1 Evacuation Pause) (young) 492M->3094K(817M), 0.0013234 secs]
110.564: [GC pause (G1 Evacuation Pause) (young) 492M->3088K(817M), 0.0012466 secs]
111.030: [GC pause (G1 Evacuation Pause) (young) 492M->3083K(817M), 0.0012540 secs]
111.512: [GC pause (G1 Evacuation Pause) (young) 492M->3086K(817M), 0.0011928 secs]
111.969: [GC pause (G1 Evacuation Pause) (young) 492M->3102K(817M), 0.0015190 secs]
112.434: [GC pause (G1 Evacuation Pause) (young) 492M->3081K(817M), 0.0013651 secs]
112.900: [GC pause (G1 Evacuation Pause) (young) 492M->3077K(817M), 0.0012267 secs]
113.365: [GC pause (G1 Evacuation Pause) (young) 492M->3098K(817M), 0.0012453 secs]
113.823: [GC pause (G1 Evacuation Pause) (young) 492M->3081K(817M), 0.0012920 secs]
114.276: [GC pause (G1 Evacuation Pause) (young) 492M->3087K(817M), 0.0011648 secs]
114.731: [GC pause (G1 Evacuation Pause) (young) 492M->3083K(817M), 0.0012929 secs]
115.194: [GC pause (G1 Evacuation Pause) (young) 492M->3085K(817M), 0.0013112 secs]
115.663: [GC pause (G1 Evacuation Pause) (young) 492M->3086K(817M), 0.0013116 secs]
116.131: [GC pause (G1 Evacuation Pause) (young) 492M->3082K(817M), 0.0011753 secs]
116.589: [GC pause (G1 Evacuation Pause) (young) 492M->3094K(817M), 0.0012039 secs]
117.045: [GC pause (G1 Evacuation Pause) (young) 492M->3087K(817M), 0.0013125 secs]
117.492: [GC pause (G1 Evacuation Pause) (young) 492M->3093K(817M), 0.0012562 secs]
117.944: [GC pause (G1 Evacuation Pause) (young) 492M->3097K(817M), 0.0012257 secs]
118.394: [GC pause (G1 Evacuation Pause) (young) 492M->3080K(817M), 0.0012354 secs]
118.862: [GC pause (G1 Evacuation Pause) (young) 492M->3101K(817M), 0.0016555 secs]
119.324: [GC pause (G1 Evacuation Pause) (young) 492M->3081K(817M), 0.0013430 secs]
119.787: [GC pause (G1 Evacuation Pause) (young) 492M->3102K(817M), 0.0013066 secs]
120.247: [GC pause (G1 Evacuation Pause) (young) 492M->3098K(817M), 0.0013330 secs]
120.695: [GC pause (G1 Evacuation Pause) (young) 492M->3101K(817M), 0.0012024 secs]
121.140: [GC pause (G1 Evacuation Pause) (young) 492M->3080K(817M), 0.0012805 secs]
121.588: [GC pause (G1 Evacuation Pause) (young) 492M->3072K(817M), 0.0011987 secs]
122.058: [GC pause (G1 Evacuation Pause) (young) 492M->3093K(817M), 0.0012997 secs]
122.528: [GC pause (G1 Evacuation Pause) (young) 492M->3085K(817M), 0.0012382 secs]
122.997: [GC pause (G1 Evacuation Pause) (young) 492M->3072K(817M), 0.0012341 secs]
123.454: [GC pause (G1 Evacuation Pause) (young) 492M->3074K(817M), 0.0012211 secs]
123.902: [GC pause (G1 Evacuation Pause) (young) 492M->3077K(817M), 0.0012323 secs]
124.358: [GC pause (G1 Evacuation Pause) (young) 492M->3068K(817M), 0.0012431 secs]
124.800: [GC pause (G1 Evacuation Pause) (young) 491M->3097K(817M), 0.0012108 secs]
125.250: [GC pause (G1 Evacuation Pause) (young) 492M->3088K(817M), 0.0012220 secs]
125.711: [GC pause (G1 Evacuation Pause) (young) 492M->3098K(817M), 0.0014173 secs]
126.172: [GC pause (G1 Evacuation Pause) (young) 492M->3113K(817M), 0.0012413 secs]
126.627: [GC pause (G1 Evacuation Pause) (young) 492M->3090K(817M), 0.0013604 secs]
127.086: [GC pause (G1 Evacuation Pause) (young) 492M->3094K(817M), 0.0013613 secs]
127.739: [GC pause (G1 Evacuation Pause) (young) 492M->3093K(817M), 0.0058468 secs]
128.303: [GC pause (G1 Evacuation Pause) (young) 492M->3072K(817M), 0.0013287 secs]
128.757: [GC pause (G1 Evacuation Pause) (young) 492M->3076K(817M), 0.0012777 secs]
129.209: [GC pause (G1 Evacuation Pause) (young) 492M->3084K(817M), 0.0012497 secs]
129.661: [GC pause (G1 Evacuation Pause) (young) 492M->3098K(817M), 0.0012214 secs]
130.108: [GC pause (G1 Evacuation Pause) (young) 492M->3088K(817M), 0.0012077 secs]
130.559: [GC pause (G1 Evacuation Pause) (young) 492M->3087K(817M), 0.0013364 secs]
131.031: [GC pause (G1 Evacuation Pause) (young) 492M->3089K(817M), 0.0012257 secs]
131.493: [GC pause (G1 Evacuation Pause) (young) 492M->3082K(817M), 0.0012391 secs]
131.961: [GC pause (G1 Evacuation Pause) (young) 492M->3079K(817M), 0.0014584 secs]
132.422: [GC pause (G1 Evacuation Pause) (young) 492M->3069K(817M), 0.0012257 secs]
132.880: [GC pause (G1 Evacuation Pause) (young) 491M->3096K(817M), 0.0011781 secs]
133.345: [GC pause (G1 Evacuation Pause) (young) 492M->3099K(817M), 0.0014388 secs]
133.954: [GC pause (G1 Evacuation Pause) (young) 492M->3081K(817M), 0.0019877 secs]
134.439: [GC pause (G1 Evacuation Pause) (young) 492M->3087K(817M), 0.0012179 secs]
134.895: [GC pause (G1 Evacuation Pause) (young) 492M->3083K(817M), 0.0012176 secs]
135.361: [GC pause (G1 Evacuation Pause) (young) 492M->3091K(817M), 0.0012089 secs]
135.822: [GC pause (G1 Evacuation Pause) (young) 492M->3103K(817M), 0.0012702 secs]
136.283: [GC pause (G1 Evacuation Pause) (young) 492M->3088K(817M), 0.0012817 secs]
136.757: [GC pause (G1 Evacuation Pause) (young) 492M->3085K(817M), 0.0014142 secs]
137.228: [GC pause (G1 Evacuation Pause) (young) 492M->3090K(817M), 0.0013178 secs]
137.699: [GC pause (G1 Evacuation Pause) (young) 492M->3096K(817M), 0.0013651 secs]
138.173: [GC pause (G1 Evacuation Pause) (young) 492M->3082K(817M), 0.0011977 secs]
138.627: [GC pause (G1 Evacuation Pause) (young) 492M->3089K(817M), 0.0012599 secs]
139.082: [GC pause (G1 Evacuation Pause) (young) 492M->3087K(817M), 0.0012391 secs]
139.543: [GC pause (G1 Evacuation Pause) (young) 492M->3111K(817M), 0.0015053 secs]
140.005: [GC pause (G1 Evacuation Pause) (young) 492M->3091K(817M), 0.0015688 secs]
140.473: [GC pause (G1 Evacuation Pause) (young) 492M->3080K(817M), 0.0012615 secs]
141.086: [GC pause (G1 Evacuation Pause) (young) 492M->3095K(817M), 0.0013641 secs]
141.558: [GC pause (G1 Evacuation Pause) (young) 492M->3085K(817M), 0.0012546 secs]
142.031: [GC pause (G1 Evacuation Pause) (young) 492M->3069K(817M), 0.0011831 secs]
142.488: [GC pause (G1 Evacuation Pause) (young) 491M->3114K(817M), 0.0013486 secs]
142.949: [GC pause (G1 Evacuation Pause) (young) 492M->3090K(817M), 0.0013340 secs]
143.404: [GC pause (G1 Evacuation Pause) (young) 492M->3081K(817M), 0.0012267 secs]
143.888: [GC pause (G1 Evacuation Pause) (young) 492M->3079K(817M), 0.0028091 secs]
144.370: [GC pause (G1 Evacuation Pause) (young) 492M->3091K(817M), 0.0012696 secs]
144.835: [GC pause (G1 Evacuation Pause) (young) 492M->3076K(817M), 0.0013190 secs]
145.293: [GC pause (G1 Evacuation Pause) (young) 492M->3093K(817M), 0.0013532 secs]
145.769: [GC pause (G1 Evacuation Pause) (young) 492M->3101K(817M), 0.0088780 secs]
146.237: [GC pause (G1 Evacuation Pause) (young) 492M->3095K(817M), 0.0012686 secs]
146.700: [GC pause (G1 Evacuation Pause) (young) 492M->3113K(817M), 0.0015486 secs]
147.164: [GC pause (G1 Evacuation Pause) (young) 492M->3089K(817M), 0.0012161 secs]
147.626: [GC pause (G1 Evacuation Pause) (young) 492M->3085K(817M), 0.0013022 secs]
148.098: [GC pause (G1 Evacuation Pause) (young) 492M->3107K(817M), 0.0054167 secs]
148.573: [GC pause (G1 Evacuation Pause) (young) 492M->3091K(817M), 0.0013265 secs]
149.048: [GC pause (G1 Evacuation Pause) (young) 492M->3079K(817M), 0.0076545 secs]
149.512: [GC pause (G1 Evacuation Pause) (young) 492M->3094K(817M), 0.0012326 secs]
150.009: [GC pause (G1 Evacuation Pause) (young) 492M->3086K(817M), 0.0013993 secs]
150.506: [GC pause (G1 Evacuation Pause) (young) 492M->3088K(817M), 0.0015514 secs]
150.996: [GC pause (G1 Evacuation Pause) (young) 492M->3087K(817M), 0.0014276 secs]
151.505: [GC pause (G1 Evacuation Pause) (young) 492M->3072K(817M), 0.0013501 secs]
151.975: [GC pause (G1 Evacuation Pause) (young) 492M->3082K(817M), 0.0012736 secs]
152.429: [GC pause (G1 Evacuation Pause) (young) 492M->3096K(817M), 0.0012189 secs]
152.887: [GC pause (G1 Evacuation Pause) (young) 492M->3089K(817M), 0.0013374 secs]
153.344: [GC pause (G1 Evacuation Pause) (young) 492M->3092K(817M), 0.0011980 secs]
153.798: [GC pause (G1 Evacuation Pause) (young) 492M->3095K(817M), 0.0012369 secs]
154.271: [GC pause (G1 Evacuation Pause) (young) 492M->3086K(817M), 0.0012344 secs]
154.723: [GC pause (G1 Evacuation Pause) (young) 492M->3095K(817M), 0.0012596 secs]
155.180: [GC pause (G1 Evacuation Pause) (young) 492M->3094K(817M), 0.0011850 secs]
155.636: [GC pause (G1 Evacuation Pause) (young) 492M->3095K(817M), 0.0011912 secs]
156.094: [GC pause (G1 Evacuation Pause) (young) 492M->3091K(817M), 0.0011912 secs]
156.539: [GC pause (G1 Evacuation Pause) (young) 492M->3094K(817M), 0.0011847 secs]
156.983: [GC pause (G1 Evacuation Pause) (young) 492M->3096K(817M), 0.0013190 secs]
157.441: [GC pause (G1 Evacuation Pause) (young) 492M->3082K(817M), 0.0011946 secs]
157.888: [GC pause (G1 Evacuation Pause) (young) 492M->3097K(817M), 0.0014854 secs]
158.343: [GC pause (G1 Evacuation Pause) (young) 492M->3082K(817M), 0.0012242 secs]
158.806: [GC pause (G1 Evacuation Pause) (young) 492M->3111K(817M), 0.0014680 secs]
159.266: [GC pause (G1 Evacuation Pause) (young) 492M->3092K(817M), 0.0014151 secs]
159.726: [GC pause (G1 Evacuation Pause) (young) 492M->3087K(817M), 0.0012291 secs]
160.206: [GC pause (G1 Evacuation Pause) (young) 492M->3094K(817M), 0.0014307 secs]
160.663: [GC pause (G1 Evacuation Pause) (young) 492M->3101K(817M), 0.0011834 secs]
161.122: [GC pause (G1 Evacuation Pause) (young) 492M->3089K(817M), 0.0012447 secs]
161.584: [GC pause (G1 Evacuation Pause) (young) 492M->3090K(817M), 0.0014584 secs]
162.042: [GC pause (G1 Evacuation Pause) (young) 492M->3077K(817M), 0.0012385 secs]
162.502: [GC pause (G1 Evacuation Pause) (young) 492M->3111K(817M), 0.0015675 secs]
162.966: [GC pause (G1 Evacuation Pause) (young) 492M->3087K(817M), 0.0012142 secs]
163.417: [GC pause (G1 Evacuation Pause) (young) 492M->3098K(817M), 0.0013147 secs]
163.903: [GC pause (G1 Evacuation Pause) (young) 492M->3092K(817M), 0.0012649 secs]
164.373: [GC pause (G1 Evacuation Pause) (young) 492M->3095K(817M), 0.0012447 secs]
164.847: [GC pause (G1 Evacuation Pause) (young) 492M->3092K(817M), 0.0011834 secs]
165.305: [GC pause (G1 Evacuation Pause) (young) 492M->3078K(817M), 0.0012954 secs]
165.768: [GC pause (G1 Evacuation Pause) (young) 492M->3075K(817M), 0.0012067 secs]
166.243: [GC pause (G1 Evacuation Pause) (young) 492M->3091K(817M), 0.0016145 secs]
166.974: [GC pause (G1 Evacuation Pause) (young) 492M->3124K(817M), 0.0016894 secs]
167.518: [GC pause (G1 Evacuation Pause) (young) 492M->3088K(817M), 0.0015688 secs]
168.002: [GC pause (G1 Evacuation Pause) (young) 492M->3098K(817M), 0.0012618 secs]
168.486: [GC pause (G1 Evacuation Pause) (young) 492M->3091K(817M), 0.0013287 secs]
168.964: [GC pause (G1 Evacuation Pause) (young) 492M->3085K(817M), 0.0012447 secs]
169.423: [GC pause (G1 Evacuation Pause) (young) 492M->3082K(817M), 0.0014102 secs]
169.893: [GC pause (G1 Evacuation Pause) (young) 492M->3087K(817M), 0.0012276 secs]
170.420: [GC pause (G1 Evacuation Pause) (young) 492M->3092K(817M), 0.0013218 secs]
170.890: [GC pause (G1 Evacuation Pause) (young) 492M->3095K(817M), 0.0012640 secs]
171.355: [GC pause (G1 Evacuation Pause) (young) 492M->3082K(817M), 0.0012204 secs]
171.840: [GC pause (G1 Evacuation Pause) (young) 492M->3096K(817M), 0.0014559 secs]
172.311: [GC pause (G1 Evacuation Pause) (young) 492M->3113K(817M), 0.0013184 secs]
172.773: [GC pause (G1 Evacuation Pause) (young) 492M->3091K(817M), 0.0013862 secs]
173.227: [GC pause (G1 Evacuation Pause) (young) 492M->3076K(817M), 0.0012403 secs]
173.686: [GC pause (G1 Evacuation Pause) (young) 492M->3098K(817M), 0.0015081 secs]
174.147: [GC pause (G1 Evacuation Pause) (young) 492M->3085K(817M), 0.0014005 secs]
174.607: [GC pause (G1 Evacuation Pause) (young) 492M->3089K(817M), 0.0012444 secs]
175.059: [GC pause (G1 Evacuation Pause) (young) 492M->3088K(817M), 0.0013312 secs]
175.515: [GC pause (G1 Evacuation Pause) (young) 492M->3078K(817M), 0.0015019 secs]
176.090: [GC pause (G1 Evacuation Pause) (young) 492M->3074K(817M), 0.0446562 secs]
176.709: [GC pause (G1 Evacuation Pause) (young) 492M->3081K(817M), 0.0013231 secs]
177.191: [GC pause (G1 Evacuation Pause) (young) 492M->3085K(817M), 0.0012730 secs]
177.710: [GC pause (G1 Evacuation Pause) (young) 492M->3091K(817M), 0.0012773 secs]
178.199: [GC pause (G1 Evacuation Pause) (young) 492M->3090K(817M), 0.0013483 secs]
178.687: [GC pause (G1 Evacuation Pause) (young) 492M->3076K(817M), 0.0012475 secs]
179.143: [GC pause (G1 Evacuation Pause) (young) 492M->3097K(817M), 0.0012565 secs]
179.598: [GC pause (G1 Evacuation Pause) (young) 492M->3092K(817M), 0.0012232 secs]
180.068: [GC pause (G1 Evacuation Pause) (young) 492M->3082K(817M), 0.0013697 secs]
180.567: [GC pause (G1 Evacuation Pause) (young) 492M->3080K(817M), 0.0013657 secs]
181.036: [GC pause (G1 Evacuation Pause) (young) 492M->3086K(817M), 0.0014083 secs]
181.519: [GC pause (G1 Evacuation Pause) (young) 492M->3071K(817M), 0.0012798 secs]
181.985: [GC pause (G1 Evacuation Pause) (young) 491M->3095K(817M), 0.0011949 secs]
182.461: [GC pause (G1 Evacuation Pause) (young) 492M->3105K(817M), 0.0013029 secs]
182.927: [GC pause (G1 Evacuation Pause) (young) 492M->3103K(817M), 0.0012826 secs]
183.401: [GC pause (G1 Evacuation Pause) (young) 492M->3080K(817M), 0.0013122 secs]
183.874: [GC pause (G1 Evacuation Pause) (young) 492M->3081K(817M), 0.0012375 secs]
184.362: [GC pause (G1 Evacuation Pause) (young) 492M->3083K(817M), 0.0012114 secs]
184.819: [GC pause (G1 Evacuation Pause) (young) 492M->3106K(817M), 0.0012372 secs]
185.283: [GC pause (G1 Evacuation Pause) (young) 492M->3094K(817M), 0.0013256 secs]
185.752: [GC pause (G1 Evacuation Pause) (young) 492M->3102K(817M), 0.0013448 secs]
186.219: [GC pause (G1 Evacuation Pause) (young) 492M->3116K(817M), 0.0012702 secs]
186.682: [GC pause (G1 Evacuation Pause) (young) 492M->3098K(817M), 0.0014515 secs]
187.196: [GC pause (G1 Evacuation Pause) (young) 492M->3095K(817M), 0.0012997 secs]
187.688: [GC pause (G1 Evacuation Pause) (young) 492M->3091K(817M), 0.0026001 secs]
188.149: [GC pause (G1 Evacuation Pause) (young) 492M->3073K(817M), 0.0012901 secs]
188.615: [GC pause (G1 Evacuation Pause) (young) 492M->3095K(817M), 0.0014335 secs]
189.085: [GC pause (G1 Evacuation Pause) (young) 492M->3097K(817M), 0.0013433 secs]
189.568: [GC pause (G1 Evacuation Pause) (young) 492M->3097K(817M), 0.0013377 secs]
190.025: [GC pause (G1 Evacuation Pause) (young) 492M->3093K(817M), 0.0012304 secs]
190.502: [GC pause (G1 Evacuation Pause) (young) 492M->3081K(817M), 0.0028887 secs]
190.971: [GC pause (G1 Evacuation Pause) (young) 492M->3072K(817M), 0.0012627 secs]
191.450: [GC pause (G1 Evacuation Pause) (young) 492M->3083K(817M), 0.0012319 secs]
191.915: [GC pause (G1 Evacuation Pause) (young) 492M->3099K(817M), 0.0012606 secs]
192.396: [GC pause (G1 Evacuation Pause) (young) 492M->3086K(817M), 0.0012568 secs]
192.859: [GC pause (G1 Evacuation Pause) (young) 492M->3078K(817M), 0.0013256 secs]
193.335: [GC pause (G1 Evacuation Pause) (young) 492M->3082K(817M), 0.0013902 secs]
193.812: [GC pause (G1 Evacuation Pause) (young) 492M->3085K(817M), 0.0013153 secs]
194.280: [GC pause (G1 Evacuation Pause) (young) 492M->3092K(817M), 0.0012189 secs]
194.754: [GC pause (G1 Evacuation Pause) (young) 492M->3097K(817M), 0.0012773 secs]
195.212: [GC pause (G1 Evacuation Pause) (young) 492M->3087K(817M), 0.0013498 secs]
195.693: [GC pause (G1 Evacuation Pause) (young) 492M->3096K(817M), 0.0014170 secs]
196.155: [GC pause (G1 Evacuation Pause) (young) 492M->3085K(817M), 0.0012879 secs]
196.615: [GC pause (G1 Evacuation Pause) (young) 492M->3068K(817M), 0.0012111 secs]
197.071: [GC pause (G1 Evacuation Pause) (young) 491M->3086K(817M), 0.0012503 secs]
197.549: [GC pause (G1 Evacuation Pause) (young) 492M->3077K(817M), 0.0012039 secs]
198.024: [GC pause (G1 Evacuation Pause) (young) 492M->3090K(817M), 0.0025239 secs]
198.491: [GC pause (G1 Evacuation Pause) (young) 492M->3075K(817M), 0.0012991 secs]
199.041: [GC pause (G1 Evacuation Pause) (young) 492M->3091K(817M), 0.0026511 secs]
199.533: [GC pause (G1 Evacuation Pause) (young) 492M->3079K(817M), 0.0013607 secs]
200.009: [GC pause (G1 Evacuation Pause) (young) 492M->3086K(817M), 0.0012351 secs]
200.456: [GC pause (G1 Evacuation Pause) (young) 492M->3066K(817M), 0.0017423 secs]
200.918: [GC pause (G1 Evacuation Pause) (young) 491M->3099K(817M), 0.0012074 secs]
201.376: [GC pause (G1 Evacuation Pause) (young) 492M->3088K(817M), 0.0100568 secs]
201.856: [GC pause (G1 Evacuation Pause) (young) 492M->3086K(817M), 0.0012170 secs]
202.329: [GC pause (G1 Evacuation Pause) (young) 492M->3095K(817M), 0.0012360 secs]
202.788: [GC pause (G1 Evacuation Pause) (young) 492M->3106K(817M), 0.0012123 secs]
203.279: [GC pause (G1 Evacuation Pause) (young) 492M->3107K(817M), 0.0035257 secs]
203.780: [GC pause (G1 Evacuation Pause) (young) 492M->3087K(817M), 0.0012295 secs]
204.285: [GC pause (G1 Evacuation Pause) (young) 492M->3086K(817M), 0.0016916 secs]
204.794: [GC pause (G1 Evacuation Pause) (young) 492M->3092K(817M), 0.0014304 secs]
205.258: [GC pause (G1 Evacuation Pause) (young) 492M->3093K(817M), 0.0012329 secs]
205.732: [GC pause (G1 Evacuation Pause) (young) 492M->3102K(817M), 0.0013411 secs]
206.231: [GC pause (G1 Evacuation Pause) (young) 492M->3071K(817M), 0.0012805 secs]
206.700: [GC pause (G1 Evacuation Pause) (young) 491M->3082K(817M), 0.0011993 secs]
